<?xml version="1.0" encoding="UTF-8"?>
<!-- Generated by org.testng.reporters.JUnitXMLReporter -->
<testsuite ignored="0" hostname="DESKTOP-E8MFLFL" failures="0" tests="9" name="Default test" time="8.183" errors="0" timestamp="2022-08-27T04:54:25 EET">
  <testcase classname="tests.Testvodafone" name="runvodafonetest1" time="1.491"/>
  <testcase classname="tests.Testvodafone" name="runvodafonetest2" time="1.493"/>
  <testcase classname="tests.Testvodafone" name="runchecktoproceed" time="2.215"/>
  <testcase classname="tests.Testvodafone" name="runselectoptions1" time="0.584"/>
  <testcase classname="tests.Testvodafone" name="runselectoptions2" time="0.145"/>
  <testcase classname="tests.Testvodafone" name="rundeliverbutton" time="0.177"/>
  <testcase classname="tests.Testvodafone" name="runfillingaddress" time="0.58"/>
  <testcase classname="tests.Testvodafone" name="runcontinuebtn" time="0.158"/>
  <testcase classname="tests.Testvodafone" name="runpersonalinfo" time="1.212"/>
</testsuite> <!-- Default test -->
