<?xml version="1.0" encoding="UTF-8"?>
<testng-results ignored="0" total="1" passed="1" failed="0" skipped="0">
  <reporter-output>
  </reporter-output>
  <suite started-at="2022-08-24T19:45:23 EET" name="Default suite" finished-at="2022-08-24T19:45:29 EET" duration-ms="6208">
    <groups>
    </groups>
    <test started-at="2022-08-24T19:45:23 EET" name="Default test" finished-at="2022-08-24T19:45:29 EET" duration-ms="6208">
      <class name="Api.Test.Assuredapitesting">
        <test-method signature="test_01()[pri:0, instance:Api.Test.Assuredapitesting@659499f1]" started-at="2022-08-24T19:45:23 EET" name="test_01" finished-at="2022-08-24T19:45:29 EET" duration-ms="6076" status="PASS">
          <reporter-output>
          </reporter-output>
        </test-method> <!-- test_01 -->
      </class> <!-- Api.Test.Assuredapitesting -->
    </test> <!-- Default test -->
  </suite> <!-- Default suite -->
</testng-results>
